<?xml version="1.0" encoding="UTF-8"?>
<testng-results ignored="0" total="2" passed="2" failed="0" skipped="0">
  <reporter-output>
  </reporter-output>
  <suite started-at="2025-09-24T11:07:49 IST" name="AllureDemoSuite" finished-at="2025-09-24T11:07:49 IST" duration-ms="281">
    <groups>
    </groups>
    <test started-at="2025-09-24T11:07:49 IST" name="AllureDemoTests" finished-at="2025-09-24T11:07:49 IST" duration-ms="281">
      <class name="com.example.AppTest">
        <test-method signature="testAddition()[pri:0, instance:com.example.AppTest@37d4349f]" started-at="2025-09-24T11:07:49 IST" name="testAddition" finished-at="2025-09-24T11:07:49 IST" duration-ms="94" status="PASS">
          <reporter-output>
          </reporter-output>
        </test-method> <!-- testAddition -->
        <test-method signature="testsub()[pri:0, instance:com.example.AppTest@37d4349f]" started-at="2025-09-24T11:07:49 IST" name="testsub" finished-at="2025-09-24T11:07:49 IST" duration-ms="0" status="PASS">
          <reporter-output>
          </reporter-output>
        </test-method> <!-- testsub -->
      </class> <!-- com.example.AppTest -->
    </test> <!-- AllureDemoTests -->
  </suite> <!-- AllureDemoSuite -->
</testng-results>
